<?xml version="1.0" encoding="UTF-8"?>
<testng-results ignored="0" total="4" passed="4" failed="0" skipped="0">
  <reporter-output>
  </reporter-output>
  <suite started-at="2025-04-09T00:55:18 IST" name="Default suite" finished-at="2025-04-09T00:56:02 IST" duration-ms="44303">
    <groups>
    </groups>
    <test started-at="2025-04-09T00:55:18 IST" name="Default test" finished-at="2025-04-09T00:56:02 IST" duration-ms="44303">
      <class name="intervue_test.Login_test">
        <test-method signature="launch()[pri:1, instance:intervue_test.Login_test@39a8312f]" started-at="2025-04-09T00:55:18 IST" name="launch" finished-at="2025-04-09T00:55:29 IST" duration-ms="10813" status="PASS">
          <reporter-output>
          </reporter-output>
        </test-method> <!-- launch -->
        <test-method signature="login()[pri:2, instance:intervue_test.Login_test@39a8312f]" started-at="2025-04-09T00:55:29 IST" name="login" finished-at="2025-04-09T00:55:45 IST" duration-ms="16062" status="PASS">
          <reporter-output>
          </reporter-output>
        </test-method> <!-- login -->
        <test-method signature="search()[pri:3, instance:intervue_test.Login_test@39a8312f]" started-at="2025-04-09T00:55:45 IST" name="search" finished-at="2025-04-09T00:55:53 IST" duration-ms="7795" status="PASS">
          <reporter-output>
          </reporter-output>
        </test-method> <!-- search -->
        <test-method signature="logout()[pri:4, instance:intervue_test.Login_test@39a8312f]" started-at="2025-04-09T00:55:53 IST" name="logout" finished-at="2025-04-09T00:56:02 IST" duration-ms="9523" status="PASS">
          <reporter-output>
          </reporter-output>
        </test-method> <!-- logout -->
      </class> <!-- intervue_test.Login_test -->
    </test> <!-- Default test -->
  </suite> <!-- Default suite -->
</testng-results>
